<?xml version="1.0" encoding="UTF-8"?>
<!-- Generated by org.testng.reporters.JUnitReportReporter -->
<testsuite hostname="DESKTOP-3A34IAC" name="com.training.sanity.tests.Catalog" tests="1" failures="0" timestamp="10 Apr 2020 06:55:49 GMT" time="39.955" errors="0">
  <testcase name="ChangeOrder" time="39.955" classname="com.training.sanity.tests.Catalog"/>
</testsuite> <!-- com.training.sanity.tests.Catalog -->
