<?xml version="1.0" encoding="UTF-8"?>
<!-- Generated by org.testng.reporters.JUnitReportReporter -->
<testsuite hostname="DESKTOP-3A34IAC" name="com.training.sanity.tests.ChangeOrder" tests="1" failures="0" timestamp="10 Apr 2020 07:22:34 GMT" time="29.837" errors="0">
  <testcase name="ChangeOrder" time="29.837" classname="com.training.sanity.tests.ChangeOrder"/>
</testsuite> <!-- com.training.sanity.tests.ChangeOrder -->
