<?xml version="1.0" encoding="UTF-8"?>
<!-- Generated by org.testng.reporters.JUnitReportReporter -->
<testsuite hostname="DESKTOP-3A34IAC" name="com.training.sanity.tests.filterOrder" tests="1" failures="0" timestamp="10 Apr 2020 07:16:34 GMT" time="26.998" errors="0">
  <testcase name="ChangeOrder" time="26.998" classname="com.training.sanity.tests.filterOrder"/>
</testsuite> <!-- com.training.sanity.tests.filterOrder -->
